{"/home/liuyu/work/lingma_project/first_demo/chatbot_project/src/backend/controllers/conversationController.js": {"path":"/home/liuyu/work/lingma_project/first_demo/chatbot_project/src/backend/controllers/conversationController.js","statementMap":{"0":{"start":{"line":1,"column":11},"end":{"line":1,"column":40}},"1":{"start":{"line":2,"column":39},"end":{"line":2,"column":71}},"2":{"start":{"line":7,"column":2},"end":{"line":9,"column":3}},"3":{"start":{"line":8,"column":4},"end":{"line":8,"column":49}},"4":{"start":{"line":10,"column":2},"end":{"line":10,"column":22}},"5":{"start":{"line":14,"column":0},"end":{"line":60,"column":2}},"6":{"start":{"line":15,"column":15},"end":{"line":15,"column":44}},"7":{"start":{"line":16,"column":16},"end":{"line":16,"column":47}},"8":{"start":{"line":17,"column":17},"end":{"line":17,"column":35}},"9":{"start":{"line":20,"column":2},"end":{"line":59,"column":5}},"10":{"start":{"line":21,"column":4},"end":{"line":27,"column":5}},"11":{"start":{"line":22,"column":6},"end":{"line":26,"column":9}},"12":{"start":{"line":29,"column":18},"end":{"line":29,"column":30}},"13":{"start":{"line":32,"column":4},"end":{"line":58,"column":7}},"14":{"start":{"line":38,"column":6},"end":{"line":44,"column":7}},"15":{"start":{"line":39,"column":8},"end":{"line":43,"column":11}},"16":{"start":{"line":46,"column":6},"end":{"line":57,"column":9}},"17":{"start":{"line":63,"column":0},"end":{"line":93,"column":2}},"18":{"start":{"line":64,"column":20},"end":{"line":64,"column":28}},"19":{"start":{"line":67,"column":28},"end":{"line":67,"column":42}},"20":{"start":{"line":69,"column":2},"end":{"line":92,"column":5}},"21":{"start":{"line":73,"column":4},"end":{"line":79,"column":5}},"22":{"start":{"line":74,"column":6},"end":{"line":78,"column":9}},"23":{"start":{"line":82,"column":4},"end":{"line":91,"column":7}},"24":{"start":{"line":96,"column":0},"end":{"line":129,"column":2}},"25":{"start":{"line":97,"column":17},"end":{"line":97,"column":27}},"26":{"start":{"line":99,"column":2},"end":{"line":128,"column":5}},"27":{"start":{"line":100,"column":4},"end":{"line":106,"column":5}},"28":{"start":{"line":101,"column":6},"end":{"line":105,"column":9}},"29":{"start":{"line":108,"column":4},"end":{"line":114,"column":5}},"30":{"start":{"line":109,"column":6},"end":{"line":113,"column":9}},"31":{"start":{"line":117,"column":4},"end":{"line":121,"column":7}},"32":{"start":{"line":118,"column":6},"end":{"line":120,"column":7}},"33":{"start":{"line":119,"column":8},"end":{"line":119,"column":48}},"34":{"start":{"line":123,"column":4},"end":{"line":127,"column":7}},"35":{"start":{"line":132,"column":0},"end":{"line":175,"column":2}},"36":{"start":{"line":133,"column":30},"end":{"line":133,"column":40}},"37":{"start":{"line":136,"column":2},"end":{"line":174,"column":5}},"38":{"start":{"line":137,"column":4},"end":{"line":143,"column":5}},"39":{"start":{"line":138,"column":6},"end":{"line":142,"column":9}},"40":{"start":{"line":145,"column":4},"end":{"line":151,"column":5}},"41":{"start":{"line":146,"column":6},"end":{"line":150,"column":9}},"42":{"start":{"line":154,"column":4},"end":{"line":173,"column":7}},"43":{"start":{"line":160,"column":6},"end":{"line":166,"column":7}},"44":{"start":{"line":161,"column":8},"end":{"line":165,"column":11}},"45":{"start":{"line":168,"column":6},"end":{"line":172,"column":9}},"46":{"start":{"line":178,"column":0},"end":{"line":312,"column":2}},"47":{"start":{"line":179,"column":30},"end":{"line":179,"column":40}},"48":{"start":{"line":180,"column":22},"end":{"line":180,"column":30}},"49":{"start":{"line":183,"column":2},"end":{"line":189,"column":3}},"50":{"start":{"line":184,"column":4},"end":{"line":188,"column":7}},"51":{"start":{"line":192,"column":2},"end":{"line":311,"column":5}},"52":{"start":{"line":193,"column":4},"end":{"line":199,"column":5}},"53":{"start":{"line":194,"column":6},"end":{"line":198,"column":9}},"54":{"start":{"line":201,"column":4},"end":{"line":207,"column":5}},"55":{"start":{"line":202,"column":6},"end":{"line":206,"column":9}},"56":{"start":{"line":210,"column":4},"end":{"line":217,"column":5}},"57":{"start":{"line":211,"column":23},"end":{"line":211,"column":45}},"58":{"start":{"line":212,"column":6},"end":{"line":216,"column":9}},"59":{"start":{"line":213,"column":8},"end":{"line":215,"column":9}},"60":{"start":{"line":214,"column":10},"end":{"line":214,"column":50}},"61":{"start":{"line":220,"column":4},"end":{"line":310,"column":7}},"62":{"start":{"line":224,"column":6},"end":{"line":230,"column":7}},"63":{"start":{"line":225,"column":8},"end":{"line":229,"column":11}},"64":{"start":{"line":232,"column":26},"end":{"line":238,"column":7}},"65":{"start":{"line":241,"column":6},"end":{"line":309,"column":9}},"66":{"start":{"line":247,"column":8},"end":{"line":253,"column":9}},"67":{"start":{"line":248,"column":10},"end":{"line":252,"column":13}},"68":{"start":{"line":256,"column":25},"end":{"line":259,"column":9}},"69":{"start":{"line":258,"column":30},"end":{"line":258,"column":70}},"70":{"start":{"line":261,"column":8},"end":{"line":308,"column":9}},"71":{"start":{"line":263,"column":35},"end":{"line":263,"column":62}},"72":{"start":{"line":266,"column":10},"end":{"line":301,"column":13}},"73":{"start":{"line":270,"column":12},"end":{"line":276,"column":13}},"74":{"start":{"line":271,"column":14},"end":{"line":275,"column":17}},"75":{"start":{"line":278,"column":37},"end":{"line":284,"column":13}},"76":{"start":{"line":287,"column":12},"end":{"line":291,"column":15}},"77":{"start":{"line":288,"column":14},"end":{"line":290,"column":15}},"78":{"start":{"line":289,"column":16},"end":{"line":289,"column":56}},"79":{"start":{"line":293,"column":12},"end":{"line":300,"column":15}},"80":{"start":{"line":303,"column":10},"end":{"line":307,"column":13}},"81":{"start":{"line":315,"column":0},"end":{"line":433,"column":2}},"82":{"start":{"line":316,"column":30},"end":{"line":316,"column":40}},"83":{"start":{"line":317,"column":22},"end":{"line":317,"column":30}},"84":{"start":{"line":320,"column":2},"end":{"line":326,"column":3}},"85":{"start":{"line":321,"column":4},"end":{"line":325,"column":7}},"86":{"start":{"line":329,"column":2},"end":{"line":329,"column":53}},"87":{"start":{"line":330,"column":2},"end":{"line":330,"column":45}},"88":{"start":{"line":331,"column":2},"end":{"line":331,"column":44}},"89":{"start":{"line":332,"column":2},"end":{"line":332,"column":52}},"90":{"start":{"line":335,"column":2},"end":{"line":432,"column":5}},"91":{"start":{"line":336,"column":4},"end":{"line":339,"column":5}},"92":{"start":{"line":337,"column":6},"end":{"line":337,"column":105}},"93":{"start":{"line":338,"column":6},"end":{"line":338,"column":23}},"94":{"start":{"line":341,"column":4},"end":{"line":344,"column":5}},"95":{"start":{"line":342,"column":6},"end":{"line":342,"column":103}},"96":{"start":{"line":343,"column":6},"end":{"line":343,"column":23}},"97":{"start":{"line":347,"column":4},"end":{"line":354,"column":5}},"98":{"start":{"line":348,"column":23},"end":{"line":348,"column":45}},"99":{"start":{"line":349,"column":6},"end":{"line":353,"column":9}},"100":{"start":{"line":350,"column":8},"end":{"line":352,"column":9}},"101":{"start":{"line":351,"column":10},"end":{"line":351,"column":50}},"102":{"start":{"line":357,"column":4},"end":{"line":431,"column":7}},"103":{"start":{"line":361,"column":6},"end":{"line":364,"column":7}},"104":{"start":{"line":362,"column":8},"end":{"line":362,"column":94}},"105":{"start":{"line":363,"column":8},"end":{"line":363,"column":25}},"106":{"start":{"line":366,"column":28},"end":{"line":366,"column":39}},"107":{"start":{"line":369,"column":6},"end":{"line":430,"column":9}},"108":{"start":{"line":375,"column":8},"end":{"line":378,"column":9}},"109":{"start":{"line":376,"column":10},"end":{"line":376,"column":98}},"110":{"start":{"line":377,"column":10},"end":{"line":377,"column":27}},"111":{"start":{"line":381,"column":25},"end":{"line":384,"column":9}},"112":{"start":{"line":383,"column":30},"end":{"line":383,"column":70}},"113":{"start":{"line":386,"column":8},"end":{"line":429,"column":9}},"114":{"start":{"line":388,"column":25},"end":{"line":388,"column":54}},"115":{"start":{"line":391,"column":10},"end":{"line":391,"column":107}},"116":{"start":{"line":393,"column":33},"end":{"line":393,"column":35}},"117":{"start":{"line":396,"column":10},"end":{"line":402,"column":11}},"118":{"start":{"line":397,"column":28},"end":{"line":397,"column":66}},"119":{"start":{"line":398,"column":12},"end":{"line":401,"column":13}},"120":{"start":{"line":399,"column":14},"end":{"line":399,"column":42}},"121":{"start":{"line":400,"column":14},"end":{"line":400,"column":98}},"122":{"start":{"line":405,"column":10},"end":{"line":424,"column":13}},"123":{"start":{"line":409,"column":12},"end":{"line":411,"column":13}},"124":{"start":{"line":410,"column":14},"end":{"line":410,"column":54}},"125":{"start":{"line":414,"column":12},"end":{"line":414,"column":145}},"126":{"start":{"line":415,"column":12},"end":{"line":415,"column":42}},"127":{"start":{"line":416,"column":12},"end":{"line":416,"column":22}},"128":{"start":{"line":419,"column":12},"end":{"line":423,"column":15}},"129":{"start":{"line":420,"column":14},"end":{"line":422,"column":15}},"130":{"start":{"line":421,"column":16},"end":{"line":421,"column":56}},"131":{"start":{"line":426,"column":10},"end":{"line":426,"column":44}},"132":{"start":{"line":427,"column":10},"end":{"line":427,"column":115}},"133":{"start":{"line":428,"column":10},"end":{"line":428,"column":20}}},"fnMap":{"0":{"name":"generateTitle","decl":{"start":{"line":5,"column":9},"end":{"line":5,"column":22}},"loc":{"start":{"line":5,"column":37},"end":{"line":11,"column":1}},"line":5},"1":{"name":"(anonymous_1)","decl":{"start":{"line":14,"column":27},"end":{"line":14,"column":28}},"loc":{"start":{"line":14,"column":41},"end":{"line":60,"column":1}},"line":14},"2":{"name":"(anonymous_2)","decl":{"start":{"line":20,"column":56},"end":{"line":20,"column":57}},"loc":{"start":{"line":20,"column":73},"end":{"line":59,"column":3}},"line":20},"3":{"name":"(anonymous_3)","decl":{"start":{"line":37,"column":24},"end":{"line":37,"column":25}},"loc":{"start":{"line":37,"column":39},"end":{"line":58,"column":5}},"line":37},"4":{"name":"(anonymous_4)","decl":{"start":{"line":63,"column":29},"end":{"line":63,"column":30}},"loc":{"start":{"line":63,"column":43},"end":{"line":93,"column":1}},"line":63},"5":{"name":"(anonymous_5)","decl":{"start":{"line":72,"column":26},"end":{"line":72,"column":27}},"loc":{"start":{"line":72,"column":40},"end":{"line":92,"column":3}},"line":72},"6":{"name":"(anonymous_6)","decl":{"start":{"line":96,"column":29},"end":{"line":96,"column":30}},"loc":{"start":{"line":96,"column":43},"end":{"line":129,"column":1}},"line":96},"7":{"name":"(anonymous_7)","decl":{"start":{"line":99,"column":57},"end":{"line":99,"column":58}},"loc":{"start":{"line":99,"column":71},"end":{"line":128,"column":3}},"line":99},"8":{"name":"(anonymous_8)","decl":{"start":{"line":117,"column":67},"end":{"line":117,"column":68}},"loc":{"start":{"line":117,"column":76},"end":{"line":121,"column":5}},"line":117},"9":{"name":"(anonymous_9)","decl":{"start":{"line":132,"column":22},"end":{"line":132,"column":23}},"loc":{"start":{"line":132,"column":36},"end":{"line":175,"column":1}},"line":132},"10":{"name":"(anonymous_10)","decl":{"start":{"line":136,"column":73},"end":{"line":136,"column":74}},"loc":{"start":{"line":136,"column":87},"end":{"line":174,"column":3}},"line":136},"11":{"name":"(anonymous_11)","decl":{"start":{"line":159,"column":26},"end":{"line":159,"column":27}},"loc":{"start":{"line":159,"column":41},"end":{"line":173,"column":5}},"line":159},"12":{"name":"(anonymous_12)","decl":{"start":{"line":178,"column":22},"end":{"line":178,"column":23}},"loc":{"start":{"line":178,"column":42},"end":{"line":312,"column":1}},"line":178},"13":{"name":"(anonymous_13)","decl":{"start":{"line":192,"column":80},"end":{"line":192,"column":81}},"loc":{"start":{"line":192,"column":109},"end":{"line":311,"column":3}},"line":192},"14":{"name":"(anonymous_14)","decl":{"start":{"line":212,"column":93},"end":{"line":212,"column":94}},"loc":{"start":{"line":212,"column":102},"end":{"line":216,"column":7}},"line":212},"15":{"name":"(anonymous_15)","decl":{"start":{"line":223,"column":43},"end":{"line":223,"column":44}},"loc":{"start":{"line":223,"column":57},"end":{"line":310,"column":5}},"line":223},"16":{"name":"(anonymous_16)","decl":{"start":{"line":246,"column":28},"end":{"line":246,"column":29}},"loc":{"start":{"line":246,"column":49},"end":{"line":309,"column":7}},"line":246},"17":{"name":"(anonymous_17)","decl":{"start":{"line":258,"column":22},"end":{"line":258,"column":23}},"loc":{"start":{"line":258,"column":30},"end":{"line":258,"column":70}},"line":258},"18":{"name":"(anonymous_18)","decl":{"start":{"line":269,"column":63},"end":{"line":269,"column":64}},"loc":{"start":{"line":269,"column":77},"end":{"line":301,"column":11}},"line":269},"19":{"name":"(anonymous_19)","decl":{"start":{"line":287,"column":110},"end":{"line":287,"column":111}},"loc":{"start":{"line":287,"column":119},"end":{"line":291,"column":13}},"line":287},"20":{"name":"(anonymous_20)","decl":{"start":{"line":315,"column":24},"end":{"line":315,"column":25}},"loc":{"start":{"line":315,"column":38},"end":{"line":433,"column":1}},"line":315},"21":{"name":"(anonymous_21)","decl":{"start":{"line":335,"column":80},"end":{"line":335,"column":81}},"loc":{"start":{"line":335,"column":109},"end":{"line":432,"column":3}},"line":335},"22":{"name":"(anonymous_22)","decl":{"start":{"line":349,"column":93},"end":{"line":349,"column":94}},"loc":{"start":{"line":349,"column":102},"end":{"line":353,"column":7}},"line":349},"23":{"name":"(anonymous_23)","decl":{"start":{"line":360,"column":43},"end":{"line":360,"column":44}},"loc":{"start":{"line":360,"column":57},"end":{"line":431,"column":5}},"line":360},"24":{"name":"(anonymous_24)","decl":{"start":{"line":374,"column":28},"end":{"line":374,"column":29}},"loc":{"start":{"line":374,"column":49},"end":{"line":430,"column":7}},"line":374},"25":{"name":"(anonymous_25)","decl":{"start":{"line":383,"column":22},"end":{"line":383,"column":23}},"loc":{"start":{"line":383,"column":30},"end":{"line":383,"column":70}},"line":383},"26":{"name":"(anonymous_26)","decl":{"start":{"line":408,"column":63},"end":{"line":408,"column":64}},"loc":{"start":{"line":408,"column":77},"end":{"line":424,"column":11}},"line":408},"27":{"name":"(anonymous_27)","decl":{"start":{"line":419,"column":110},"end":{"line":419,"column":111}},"loc":{"start":{"line":419,"column":119},"end":{"line":423,"column":13}},"line":419}},"branchMap":{"0":{"loc":{"start":{"line":7,"column":2},"end":{"line":9,"column":3}},"type":"if","locations":[{"start":{"line":7,"column":2},"end":{"line":9,"column":3}},{"start":{},"end":{}}],"line":7},"1":{"loc":{"start":{"line":15,"column":15},"end":{"line":15,"column":44}},"type":"binary-expr","locations":[{"start":{"line":15,"column":15},"end":{"line":15,"column":39}},{"start":{"line":15,"column":43},"end":{"line":15,"column":44}}],"line":15},"2":{"loc":{"start":{"line":16,"column":16},"end":{"line":16,"column":47}},"type":"binary-expr","locations":[{"start":{"line":16,"column":16},"end":{"line":16,"column":41}},{"start":{"line":16,"column":45},"end":{"line":16,"column":47}}],"line":16},"3":{"loc":{"start":{"line":21,"column":4},"end":{"line":27,"column":5}},"type":"if","locations":[{"start":{"line":21,"column":4},"end":{"line":27,"column":5}},{"start":{},"end":{}}],"line":21},"4":{"loc":{"start":{"line":38,"column":6},"end":{"line":44,"column":7}},"type":"if","locations":[{"start":{"line":38,"column":6},"end":{"line":44,"column":7}},{"start":{},"end":{}}],"line":38},"5":{"loc":{"start":{"line":67,"column":28},"end":{"line":67,"column":42}},"type":"binary-expr","locations":[{"start":{"line":67,"column":28},"end":{"line":67,"column":33}},{"start":{"line":67,"column":37},"end":{"line":67,"column":42}}],"line":67},"6":{"loc":{"start":{"line":73,"column":4},"end":{"line":79,"column":5}},"type":"if","locations":[{"start":{"line":73,"column":4},"end":{"line":79,"column":5}},{"start":{},"end":{}}],"line":73},"7":{"loc":{"start":{"line":100,"column":4},"end":{"line":106,"column":5}},"type":"if","locations":[{"start":{"line":100,"column":4},"end":{"line":106,"column":5}},{"start":{},"end":{}}],"line":100},"8":{"loc":{"start":{"line":108,"column":4},"end":{"line":114,"column":5}},"type":"if","locations":[{"start":{"line":108,"column":4},"end":{"line":114,"column":5}},{"start":{},"end":{}}],"line":108},"9":{"loc":{"start":{"line":118,"column":6},"end":{"line":120,"column":7}},"type":"if","locations":[{"start":{"line":118,"column":6},"end":{"line":120,"column":7}},{"start":{},"end":{}}],"line":118},"10":{"loc":{"start":{"line":137,"column":4},"end":{"line":143,"column":5}},"type":"if","locations":[{"start":{"line":137,"column":4},"end":{"line":143,"column":5}},{"start":{},"end":{}}],"line":137},"11":{"loc":{"start":{"line":145,"column":4},"end":{"line":151,"column":5}},"type":"if","locations":[{"start":{"line":145,"column":4},"end":{"line":151,"column":5}},{"start":{},"end":{}}],"line":145},"12":{"loc":{"start":{"line":160,"column":6},"end":{"line":166,"column":7}},"type":"if","locations":[{"start":{"line":160,"column":6},"end":{"line":166,"column":7}},{"start":{},"end":{}}],"line":160},"13":{"loc":{"start":{"line":183,"column":2},"end":{"line":189,"column":3}},"type":"if","locations":[{"start":{"line":183,"column":2},"end":{"line":189,"column":3}},{"start":{},"end":{}}],"line":183},"14":{"loc":{"start":{"line":193,"column":4},"end":{"line":199,"column":5}},"type":"if","locations":[{"start":{"line":193,"column":4},"end":{"line":199,"column":5}},{"start":{},"end":{}}],"line":193},"15":{"loc":{"start":{"line":201,"column":4},"end":{"line":207,"column":5}},"type":"if","locations":[{"start":{"line":201,"column":4},"end":{"line":207,"column":5}},{"start":{},"end":{}}],"line":201},"16":{"loc":{"start":{"line":210,"column":4},"end":{"line":217,"column":5}},"type":"if","locations":[{"start":{"line":210,"column":4},"end":{"line":217,"column":5}},{"start":{},"end":{}}],"line":210},"17":{"loc":{"start":{"line":213,"column":8},"end":{"line":215,"column":9}},"type":"if","locations":[{"start":{"line":213,"column":8},"end":{"line":215,"column":9}},{"start":{},"end":{}}],"line":213},"18":{"loc":{"start":{"line":224,"column":6},"end":{"line":230,"column":7}},"type":"if","locations":[{"start":{"line":224,"column":6},"end":{"line":230,"column":7}},{"start":{},"end":{}}],"line":224},"19":{"loc":{"start":{"line":247,"column":8},"end":{"line":253,"column":9}},"type":"if","locations":[{"start":{"line":247,"column":8},"end":{"line":253,"column":9}},{"start":{},"end":{}}],"line":247},"20":{"loc":{"start":{"line":270,"column":12},"end":{"line":276,"column":13}},"type":"if","locations":[{"start":{"line":270,"column":12},"end":{"line":276,"column":13}},{"start":{},"end":{}}],"line":270},"21":{"loc":{"start":{"line":288,"column":14},"end":{"line":290,"column":15}},"type":"if","locations":[{"start":{"line":288,"column":14},"end":{"line":290,"column":15}},{"start":{},"end":{}}],"line":288},"22":{"loc":{"start":{"line":305,"column":21},"end":{"line":305,"column":48}},"type":"binary-expr","locations":[{"start":{"line":305,"column":21},"end":{"line":305,"column":34}},{"start":{"line":305,"column":38},"end":{"line":305,"column":48}}],"line":305},"23":{"loc":{"start":{"line":320,"column":2},"end":{"line":326,"column":3}},"type":"if","locations":[{"start":{"line":320,"column":2},"end":{"line":326,"column":3}},{"start":{},"end":{}}],"line":320},"24":{"loc":{"start":{"line":336,"column":4},"end":{"line":339,"column":5}},"type":"if","locations":[{"start":{"line":336,"column":4},"end":{"line":339,"column":5}},{"start":{},"end":{}}],"line":336},"25":{"loc":{"start":{"line":341,"column":4},"end":{"line":344,"column":5}},"type":"if","locations":[{"start":{"line":341,"column":4},"end":{"line":344,"column":5}},{"start":{},"end":{}}],"line":341},"26":{"loc":{"start":{"line":347,"column":4},"end":{"line":354,"column":5}},"type":"if","locations":[{"start":{"line":347,"column":4},"end":{"line":354,"column":5}},{"start":{},"end":{}}],"line":347},"27":{"loc":{"start":{"line":350,"column":8},"end":{"line":352,"column":9}},"type":"if","locations":[{"start":{"line":350,"column":8},"end":{"line":352,"column":9}},{"start":{},"end":{}}],"line":350},"28":{"loc":{"start":{"line":361,"column":6},"end":{"line":364,"column":7}},"type":"if","locations":[{"start":{"line":361,"column":6},"end":{"line":364,"column":7}},{"start":{},"end":{}}],"line":361},"29":{"loc":{"start":{"line":375,"column":8},"end":{"line":378,"column":9}},"type":"if","locations":[{"start":{"line":375,"column":8},"end":{"line":378,"column":9}},{"start":{},"end":{}}],"line":375},"30":{"loc":{"start":{"line":397,"column":28},"end":{"line":397,"column":66}},"type":"binary-expr","locations":[{"start":{"line":397,"column":28},"end":{"line":397,"column":60}},{"start":{"line":397,"column":64},"end":{"line":397,"column":66}}],"line":397},"31":{"loc":{"start":{"line":398,"column":12},"end":{"line":401,"column":13}},"type":"if","locations":[{"start":{"line":398,"column":12},"end":{"line":401,"column":13}},{"start":{},"end":{}}],"line":398},"32":{"loc":{"start":{"line":409,"column":12},"end":{"line":411,"column":13}},"type":"if","locations":[{"start":{"line":409,"column":12},"end":{"line":411,"column":13}},{"start":{},"end":{}}],"line":409},"33":{"loc":{"start":{"line":420,"column":14},"end":{"line":422,"column":15}},"type":"if","locations":[{"start":{"line":420,"column":14},"end":{"line":422,"column":15}},{"start":{},"end":{}}],"line":420},"34":{"loc":{"start":{"line":427,"column":66},"end":{"line":427,"column":93}},"type":"binary-expr","locations":[{"start":{"line":427,"column":66},"end":{"line":427,"column":79}},{"start":{"line":427,"column":83},"end":{"line":427,"column":93}}],"line":427}},"s":{"0":1,"1":1,"2":0,"3":0,"4":0,"5":1,"6":1,"7":1,"8":1,"9":1,"10":1,"11":0,"12":1,"13":1,"14":1,"15":0,"16":1,"17":1,"18":5,"19":5,"20":5,"21":5,"22":0,"23":5,"24":1,"25":2,"26":2,"27":2,"28":0,"29":2,"30":1,"31":1,"32":1,"33":0,"34":1,"35":1,"36":1,"37":1,"38":1,"39":0,"40":1,"41":1,"42":0,"43":0,"44":0,"45":0,"46":1,"47":2,"48":2,"49":2,"50":1,"51":1,"52":1,"53":0,"54":1,"55":1,"56":0,"57":0,"58":0,"59":0,"60":0,"61":0,"62":0,"63":0,"64":0,"65":0,"66":0,"67":0,"68":0,"69":0,"70":0,"71":0,"72":0,"73":0,"74":0,"75":0,"76":0,"77":0,"78":0,"79":0,"80":0,"81":1,"82":2,"83":2,"84":2,"85":1,"86":1,"87":1,"88":1,"89":1,"90":1,"91":1,"92":0,"93":0,"94":1,"95":1,"96":1,"97":0,"98":0,"99":0,"100":0,"101":0,"102":0,"103":0,"104":0,"105":0,"106":0,"107":0,"108":0,"109":0,"110":0,"111":0,"112":0,"113":0,"114":0,"115":0,"116":0,"117":0,"118":0,"119":0,"120":0,"121":0,"122":0,"123":0,"124":0,"125":0,"126":0,"127":0,"128":0,"129":0,"130":0,"131":0,"132":0,"133":0},"f":{"0":0,"1":1,"2":1,"3":1,"4":5,"5":5,"6":2,"7":2,"8":1,"9":1,"10":1,"11":0,"12":2,"13":1,"14":0,"15":0,"16":0,"17":0,"18":0,"19":0,"20":2,"21":1,"22":0,"23":0,"24":0,"25":0,"26":0,"27":0},"b":{"0":[0,0],"1":[1,1],"2":[1,1],"3":[0,1],"4":[0,1],"5":[5,1],"6":[0,5],"7":[0,2],"8":[1,1],"9":[0,1],"10":[0,1],"11":[1,0],"12":[0,0],"13":[1,1],"14":[0,1],"15":[1,0],"16":[0,0],"17":[0,0],"18":[0,0],"19":[0,0],"20":[0,0],"21":[0,0],"22":[0,0],"23":[1,1],"24":[0,1],"25":[1,0],"26":[0,0],"27":[0,0],"28":[0,0],"29":[0,0],"30":[0,0],"31":[0,0],"32":[0,0],"33":[0,0],"34":[0,0]},"_coverageSchema":"1a1c01bbd47fc00a2c39e90264f33305004495a9","hash":"97c739948bbce21df36625f910dfc3f8d7191edc"}
,"/home/liuyu/work/lingma_project/first_demo/chatbot_project/src/backend/routes/conversations.js": {"path":"/home/liuyu/work/lingma_project/first_demo/chatbot_project/src/backend/routes/conversations.js","statementMap":{"0":{"start":{"line":1,"column":16},"end":{"line":1,"column":34}},"1":{"start":{"line":2,"column":15},"end":{"line":2,"column":31}},"2":{"start":{"line":3,"column":31},"end":{"line":3,"column":79}},"3":{"start":{"line":7,"column":0},"end":{"line":7,"column":70}},"4":{"start":{"line":10,"column":0},"end":{"line":10,"column":73}},"5":{"start":{"line":13,"column":0},"end":{"line":13,"column":79}},"6":{"start":{"line":17,"column":0},"end":{"line":17,"column":91}},"7":{"start":{"line":20,"column":0},"end":{"line":20,"column":92}},"8":{"start":{"line":23,"column":0},"end":{"line":23,"column":101}},"9":{"start":{"line":25,"column":0},"end":{"line":25,"column":24}}},"fnMap":{},"branchMap":{},"s":{"0":1,"1":1,"2":1,"3":1,"4":1,"5":1,"6":1,"7":1,"8":1,"9":1},"f":{},"b":{},"_coverageSchema":"1a1c01bbd47fc00a2c39e90264f33305004495a9","hash":"d092b6544b85411d6cc2bc44de20faf8f099c5bd"}
,"/home/liuyu/work/lingma_project/first_demo/chatbot_project/src/backend/services/aiService.js": {"path":"/home/liuyu/work/lingma_project/first_demo/chatbot_project/src/backend/services/aiService.js","statementMap":{"0":{"start":{"line":1,"column":15},"end":{"line":1,"column":32}},"1":{"start":{"line":4,"column":15},"end":{"line":7,"column":2}},"2":{"start":{"line":16,"column":2},"end":{"line":26,"column":3}},"3":{"start":{"line":17,"column":23},"end":{"line":20,"column":6}},"4":{"start":{"line":22,"column":4},"end":{"line":22,"column":49}},"5":{"start":{"line":24,"column":4},"end":{"line":24,"column":38}},"6":{"start":{"line":25,"column":4},"end":{"line":25,"column":50}},"7":{"start":{"line":36,"column":2},"end":{"line":47,"column":3}},"8":{"start":{"line":37,"column":19},"end":{"line":41,"column":6}},"9":{"start":{"line":43,"column":4},"end":{"line":43,"column":18}},"10":{"start":{"line":45,"column":4},"end":{"line":45,"column":38}},"11":{"start":{"line":46,"column":4},"end":{"line":46,"column":50}},"12":{"start":{"line":50,"column":0},"end":{"line":53,"column":2}}},"fnMap":{"0":{"name":"callAIModel","decl":{"start":{"line":15,"column":15},"end":{"line":15,"column":26}},"loc":{"start":{"line":15,"column":58},"end":{"line":27,"column":1}},"line":15},"1":{"name":"streamAIModel","decl":{"start":{"line":35,"column":15},"end":{"line":35,"column":28}},"loc":{"start":{"line":35,"column":60},"end":{"line":48,"column":1}},"line":35}},"branchMap":{"0":{"loc":{"start":{"line":15,"column":37},"end":{"line":15,"column":56}},"type":"default-arg","locations":[{"start":{"line":15,"column":45},"end":{"line":15,"column":56}}],"line":15},"1":{"loc":{"start":{"line":35,"column":39},"end":{"line":35,"column":58}},"type":"default-arg","locations":[{"start":{"line":35,"column":47},"end":{"line":35,"column":58}}],"line":35}},"s":{"0":2,"1":2,"2":0,"3":0,"4":0,"5":0,"6":0,"7":0,"8":0,"9":0,"10":0,"11":0,"12":2},"f":{"0":0,"1":0},"b":{"0":[0],"1":[0]},"_coverageSchema":"1a1c01bbd47fc00a2c39e90264f33305004495a9","hash":"7c46ea4d598fec5f5ff6333d5e8a779eb9616ec6"}
}
