TN:
SF:controllers/conversationController.js
FN:5,generateTitle
FN:14,(anonymous_1)
FN:20,(anonymous_2)
FN:37,(anonymous_3)
FN:63,(anonymous_4)
FN:72,(anonymous_5)
FN:96,(anonymous_6)
FN:99,(anonymous_7)
FN:117,(anonymous_8)
FN:132,(anonymous_9)
FN:136,(anonymous_10)
FN:159,(anonymous_11)
FN:178,(anonymous_12)
FN:192,(anonymous_13)
FN:212,(anonymous_14)
FN:223,(anonymous_15)
FN:246,(anonymous_16)
FN:258,(anonymous_17)
FN:269,(anonymous_18)
FN:287,(anonymous_19)
FN:315,(anonymous_20)
FN:335,(anonymous_21)
FN:349,(anonymous_22)
FN:360,(anonymous_23)
FN:374,(anonymous_24)
FN:383,(anonymous_25)
FN:408,(anonymous_26)
FN:419,(anonymous_27)
FNF:28
FNH:14
FNDA:0,generateTitle
FNDA:1,(anonymous_1)
FNDA:1,(anonymous_2)
FNDA:1,(anonymous_3)
FNDA:5,(anonymous_4)
FNDA:5,(anonymous_5)
FNDA:2,(anonymous_6)
FNDA:2,(anonymous_7)
FNDA:1,(anonymous_8)
FNDA:1,(anonymous_9)
FNDA:1,(anonymous_10)
FNDA:0,(anonymous_11)
FNDA:2,(anonymous_12)
FNDA:1,(anonymous_13)
FNDA:0,(anonymous_14)
FNDA:0,(anonymous_15)
FNDA:0,(anonymous_16)
FNDA:0,(anonymous_17)
FNDA:0,(anonymous_18)
FNDA:0,(anonymous_19)
FNDA:2,(anonymous_20)
FNDA:1,(anonymous_21)
FNDA:0,(anonymous_22)
FNDA:0,(anonymous_23)
FNDA:0,(anonymous_24)
FNDA:0,(anonymous_25)
FNDA:0,(anonymous_26)
FNDA:0,(anonymous_27)
DA:1,1
DA:2,1
DA:7,0
DA:8,0
DA:10,0
DA:14,1
DA:15,1
DA:16,1
DA:17,1
DA:20,1
DA:21,1
DA:22,0
DA:29,1
DA:32,1
DA:38,1
DA:39,0
DA:46,1
DA:63,1
DA:64,5
DA:67,5
DA:69,5
DA:73,5
DA:74,0
DA:82,5
DA:96,1
DA:97,2
DA:99,2
DA:100,2
DA:101,0
DA:108,2
DA:109,1
DA:117,1
DA:118,1
DA:119,0
DA:123,1
DA:132,1
DA:133,1
DA:136,1
DA:137,1
DA:138,0
DA:145,1
DA:146,1
DA:154,0
DA:160,0
DA:161,0
DA:168,0
DA:178,1
DA:179,2
DA:180,2
DA:183,2
DA:184,1
DA:192,1
DA:193,1
DA:194,0
DA:201,1
DA:202,1
DA:210,0
DA:211,0
DA:212,0
DA:213,0
DA:214,0
DA:220,0
DA:224,0
DA:225,0
DA:232,0
DA:241,0
DA:247,0
DA:248,0
DA:256,0
DA:258,0
DA:261,0
DA:263,0
DA:266,0
DA:270,0
DA:271,0
DA:278,0
DA:287,0
DA:288,0
DA:289,0
DA:293,0
DA:303,0
DA:315,1
DA:316,2
DA:317,2
DA:320,2
DA:321,1
DA:329,1
DA:330,1
DA:331,1
DA:332,1
DA:335,1
DA:336,1
DA:337,0
DA:338,0
DA:341,1
DA:342,1
DA:343,1
DA:347,0
DA:348,0
DA:349,0
DA:350,0
DA:351,0
DA:357,0
DA:361,0
DA:362,0
DA:363,0
DA:366,0
DA:369,0
DA:375,0
DA:376,0
DA:377,0
DA:381,0
DA:383,0
DA:386,0
DA:388,0
DA:391,0
DA:393,0
DA:396,0
DA:397,0
DA:398,0
DA:399,0
DA:400,0
DA:405,0
DA:409,0
DA:410,0
DA:414,0
DA:415,0
DA:416,0
DA:419,0
DA:420,0
DA:421,0
DA:426,0
DA:427,0
DA:428,0
LF:134
LH:56
BRDA:7,0,0,0
BRDA:7,0,1,0
BRDA:15,1,0,1
BRDA:15,1,1,1
BRDA:16,2,0,1
BRDA:16,2,1,1
BRDA:21,3,0,0
BRDA:21,3,1,1
BRDA:38,4,0,0
BRDA:38,4,1,1
BRDA:67,5,0,5
BRDA:67,5,1,1
BRDA:73,6,0,0
BRDA:73,6,1,5
BRDA:100,7,0,0
BRDA:100,7,1,2
BRDA:108,8,0,1
BRDA:108,8,1,1
BRDA:118,9,0,0
BRDA:118,9,1,1
BRDA:137,10,0,0
BRDA:137,10,1,1
BRDA:145,11,0,1
BRDA:145,11,1,0
BRDA:160,12,0,0
BRDA:160,12,1,0
BRDA:183,13,0,1
BRDA:183,13,1,1
BRDA:193,14,0,0
BRDA:193,14,1,1
BRDA:201,15,0,1
BRDA:201,15,1,0
BRDA:210,16,0,0
BRDA:210,16,1,0
BRDA:213,17,0,0
BRDA:213,17,1,0
BRDA:224,18,0,0
BRDA:224,18,1,0
BRDA:247,19,0,0
BRDA:247,19,1,0
BRDA:270,20,0,0
BRDA:270,20,1,0
BRDA:288,21,0,0
BRDA:288,21,1,0
BRDA:305,22,0,0
BRDA:305,22,1,0
BRDA:320,23,0,1
BRDA:320,23,1,1
BRDA:336,24,0,0
BRDA:336,24,1,1
BRDA:341,25,0,1
BRDA:341,25,1,0
BRDA:347,26,0,0
BRDA:347,26,1,0
BRDA:350,27,0,0
BRDA:350,27,1,0
BRDA:361,28,0,0
BRDA:361,28,1,0
BRDA:375,29,0,0
BRDA:375,29,1,0
BRDA:397,30,0,0
BRDA:397,30,1,0
BRDA:398,31,0,0
BRDA:398,31,1,0
BRDA:409,32,0,0
BRDA:409,32,1,0
BRDA:420,33,0,0
BRDA:420,33,1,0
BRDA:427,34,0,0
BRDA:427,34,1,0
BRF:70
BRH:23
end_of_record
TN:
SF:routes/conversations.js
FNF:0
FNH:0
DA:1,1
DA:2,1
DA:3,1
DA:7,1
DA:10,1
DA:13,1
DA:17,1
DA:20,1
DA:23,1
DA:25,1
LF:10
LH:10
BRF:0
BRH:0
end_of_record
TN:
SF:services/aiService.js
FN:15,callAIModel
FN:35,streamAIModel
FNF:2
FNH:0
FNDA:0,callAIModel
FNDA:0,streamAIModel
DA:1,2
DA:4,2
DA:16,0
DA:17,0
DA:22,0
DA:24,0
DA:25,0
DA:36,0
DA:37,0
DA:43,0
DA:45,0
DA:46,0
DA:50,2
LF:13
LH:3
BRDA:15,0,0,0
BRDA:35,1,0,0
BRF:2
BRH:0
end_of_record
