{"/home/liuyu/work/lingma_project/first_demo/chatbot_project/src/backend/controllers/conversationController.js": {"path":"/home/liuyu/work/lingma_project/first_demo/chatbot_project/src/backend/controllers/conversationController.js","statementMap":{"0":{"start":{"line":1,"column":11},"end":{"line":1,"column":40}},"1":{"start":{"line":2,"column":39},"end":{"line":2,"column":71}},"2":{"start":{"line":7,"column":2},"end":{"line":9,"column":3}},"3":{"start":{"line":8,"column":4},"end":{"line":8,"column":40}},"4":{"start":{"line":12,"column":2},"end":{"line":14,"column":3}},"5":{"start":{"line":13,"column":4},"end":{"line":13,"column":49}},"6":{"start":{"line":15,"column":2},"end":{"line":15,"column":22}},"7":{"start":{"line":19,"column":0},"end":{"line":72,"column":2}},"8":{"start":{"line":21,"column":13},"end":{"line":21,"column":42}},"9":{"start":{"line":22,"column":14},"end":{"line":22,"column":45}},"10":{"start":{"line":25,"column":2},"end":{"line":25,"column":27}},"11":{"start":{"line":27,"column":2},"end":{"line":27,"column":44}},"12":{"start":{"line":29,"column":17},"end":{"line":29,"column":35}},"13":{"start":{"line":32,"column":2},"end":{"line":71,"column":5}},"14":{"start":{"line":33,"column":4},"end":{"line":39,"column":5}},"15":{"start":{"line":34,"column":6},"end":{"line":38,"column":9}},"16":{"start":{"line":41,"column":18},"end":{"line":41,"column":30}},"17":{"start":{"line":44,"column":4},"end":{"line":70,"column":7}},"18":{"start":{"line":50,"column":6},"end":{"line":56,"column":7}},"19":{"start":{"line":51,"column":8},"end":{"line":55,"column":11}},"20":{"start":{"line":58,"column":6},"end":{"line":69,"column":9}},"21":{"start":{"line":75,"column":0},"end":{"line":105,"column":2}},"22":{"start":{"line":76,"column":20},"end":{"line":76,"column":28}},"23":{"start":{"line":79,"column":28},"end":{"line":79,"column":42}},"24":{"start":{"line":81,"column":2},"end":{"line":104,"column":5}},"25":{"start":{"line":85,"column":4},"end":{"line":91,"column":5}},"26":{"start":{"line":86,"column":6},"end":{"line":90,"column":9}},"27":{"start":{"line":94,"column":4},"end":{"line":103,"column":7}},"28":{"start":{"line":108,"column":0},"end":{"line":141,"column":2}},"29":{"start":{"line":109,"column":17},"end":{"line":109,"column":27}},"30":{"start":{"line":111,"column":2},"end":{"line":140,"column":5}},"31":{"start":{"line":112,"column":4},"end":{"line":118,"column":5}},"32":{"start":{"line":113,"column":6},"end":{"line":117,"column":9}},"33":{"start":{"line":120,"column":4},"end":{"line":126,"column":5}},"34":{"start":{"line":121,"column":6},"end":{"line":125,"column":9}},"35":{"start":{"line":129,"column":4},"end":{"line":133,"column":7}},"36":{"start":{"line":130,"column":6},"end":{"line":132,"column":7}},"37":{"start":{"line":131,"column":8},"end":{"line":131,"column":48}},"38":{"start":{"line":135,"column":4},"end":{"line":139,"column":7}},"39":{"start":{"line":144,"column":0},"end":{"line":187,"column":2}},"40":{"start":{"line":145,"column":30},"end":{"line":145,"column":40}},"41":{"start":{"line":148,"column":2},"end":{"line":186,"column":5}},"42":{"start":{"line":149,"column":4},"end":{"line":155,"column":5}},"43":{"start":{"line":150,"column":6},"end":{"line":154,"column":9}},"44":{"start":{"line":157,"column":4},"end":{"line":163,"column":5}},"45":{"start":{"line":158,"column":6},"end":{"line":162,"column":9}},"46":{"start":{"line":166,"column":4},"end":{"line":185,"column":7}},"47":{"start":{"line":172,"column":6},"end":{"line":178,"column":7}},"48":{"start":{"line":173,"column":8},"end":{"line":177,"column":11}},"49":{"start":{"line":180,"column":6},"end":{"line":184,"column":9}},"50":{"start":{"line":190,"column":0},"end":{"line":324,"column":2}},"51":{"start":{"line":191,"column":30},"end":{"line":191,"column":40}},"52":{"start":{"line":192,"column":22},"end":{"line":192,"column":30}},"53":{"start":{"line":195,"column":2},"end":{"line":201,"column":3}},"54":{"start":{"line":196,"column":4},"end":{"line":200,"column":7}},"55":{"start":{"line":204,"column":2},"end":{"line":323,"column":5}},"56":{"start":{"line":205,"column":4},"end":{"line":211,"column":5}},"57":{"start":{"line":206,"column":6},"end":{"line":210,"column":9}},"58":{"start":{"line":213,"column":4},"end":{"line":219,"column":5}},"59":{"start":{"line":214,"column":6},"end":{"line":218,"column":9}},"60":{"start":{"line":222,"column":4},"end":{"line":229,"column":5}},"61":{"start":{"line":223,"column":23},"end":{"line":223,"column":45}},"62":{"start":{"line":224,"column":6},"end":{"line":228,"column":9}},"63":{"start":{"line":225,"column":8},"end":{"line":227,"column":9}},"64":{"start":{"line":226,"column":10},"end":{"line":226,"column":50}},"65":{"start":{"line":232,"column":4},"end":{"line":322,"column":7}},"66":{"start":{"line":236,"column":6},"end":{"line":242,"column":7}},"67":{"start":{"line":237,"column":8},"end":{"line":241,"column":11}},"68":{"start":{"line":244,"column":26},"end":{"line":250,"column":7}},"69":{"start":{"line":253,"column":6},"end":{"line":321,"column":9}},"70":{"start":{"line":259,"column":8},"end":{"line":265,"column":9}},"71":{"start":{"line":260,"column":10},"end":{"line":264,"column":13}},"72":{"start":{"line":268,"column":25},"end":{"line":271,"column":9}},"73":{"start":{"line":270,"column":30},"end":{"line":270,"column":70}},"74":{"start":{"line":273,"column":8},"end":{"line":320,"column":9}},"75":{"start":{"line":275,"column":35},"end":{"line":275,"column":62}},"76":{"start":{"line":278,"column":10},"end":{"line":313,"column":13}},"77":{"start":{"line":282,"column":12},"end":{"line":288,"column":13}},"78":{"start":{"line":283,"column":14},"end":{"line":287,"column":17}},"79":{"start":{"line":290,"column":37},"end":{"line":296,"column":13}},"80":{"start":{"line":299,"column":12},"end":{"line":303,"column":15}},"81":{"start":{"line":300,"column":14},"end":{"line":302,"column":15}},"82":{"start":{"line":301,"column":16},"end":{"line":301,"column":56}},"83":{"start":{"line":305,"column":12},"end":{"line":312,"column":15}},"84":{"start":{"line":315,"column":10},"end":{"line":319,"column":13}},"85":{"start":{"line":327,"column":0},"end":{"line":445,"column":2}},"86":{"start":{"line":328,"column":30},"end":{"line":328,"column":40}},"87":{"start":{"line":329,"column":22},"end":{"line":329,"column":30}},"88":{"start":{"line":332,"column":2},"end":{"line":338,"column":3}},"89":{"start":{"line":333,"column":4},"end":{"line":337,"column":7}},"90":{"start":{"line":341,"column":2},"end":{"line":341,"column":53}},"91":{"start":{"line":342,"column":2},"end":{"line":342,"column":45}},"92":{"start":{"line":343,"column":2},"end":{"line":343,"column":44}},"93":{"start":{"line":344,"column":2},"end":{"line":344,"column":52}},"94":{"start":{"line":347,"column":2},"end":{"line":444,"column":5}},"95":{"start":{"line":348,"column":4},"end":{"line":351,"column":5}},"96":{"start":{"line":349,"column":6},"end":{"line":349,"column":105}},"97":{"start":{"line":350,"column":6},"end":{"line":350,"column":23}},"98":{"start":{"line":353,"column":4},"end":{"line":356,"column":5}},"99":{"start":{"line":354,"column":6},"end":{"line":354,"column":103}},"100":{"start":{"line":355,"column":6},"end":{"line":355,"column":23}},"101":{"start":{"line":359,"column":4},"end":{"line":366,"column":5}},"102":{"start":{"line":360,"column":23},"end":{"line":360,"column":45}},"103":{"start":{"line":361,"column":6},"end":{"line":365,"column":9}},"104":{"start":{"line":362,"column":8},"end":{"line":364,"column":9}},"105":{"start":{"line":363,"column":10},"end":{"line":363,"column":50}},"106":{"start":{"line":369,"column":4},"end":{"line":443,"column":7}},"107":{"start":{"line":373,"column":6},"end":{"line":376,"column":7}},"108":{"start":{"line":374,"column":8},"end":{"line":374,"column":94}},"109":{"start":{"line":375,"column":8},"end":{"line":375,"column":25}},"110":{"start":{"line":378,"column":28},"end":{"line":378,"column":39}},"111":{"start":{"line":381,"column":6},"end":{"line":442,"column":9}},"112":{"start":{"line":387,"column":8},"end":{"line":390,"column":9}},"113":{"start":{"line":388,"column":10},"end":{"line":388,"column":98}},"114":{"start":{"line":389,"column":10},"end":{"line":389,"column":27}},"115":{"start":{"line":393,"column":25},"end":{"line":396,"column":9}},"116":{"start":{"line":395,"column":30},"end":{"line":395,"column":70}},"117":{"start":{"line":398,"column":8},"end":{"line":441,"column":9}},"118":{"start":{"line":400,"column":25},"end":{"line":400,"column":54}},"119":{"start":{"line":403,"column":10},"end":{"line":403,"column":107}},"120":{"start":{"line":405,"column":33},"end":{"line":405,"column":35}},"121":{"start":{"line":408,"column":10},"end":{"line":414,"column":11}},"122":{"start":{"line":409,"column":28},"end":{"line":409,"column":66}},"123":{"start":{"line":410,"column":12},"end":{"line":413,"column":13}},"124":{"start":{"line":411,"column":14},"end":{"line":411,"column":42}},"125":{"start":{"line":412,"column":14},"end":{"line":412,"column":98}},"126":{"start":{"line":417,"column":10},"end":{"line":436,"column":13}},"127":{"start":{"line":421,"column":12},"end":{"line":423,"column":13}},"128":{"start":{"line":422,"column":14},"end":{"line":422,"column":54}},"129":{"start":{"line":426,"column":12},"end":{"line":426,"column":145}},"130":{"start":{"line":427,"column":12},"end":{"line":427,"column":42}},"131":{"start":{"line":428,"column":12},"end":{"line":428,"column":22}},"132":{"start":{"line":431,"column":12},"end":{"line":435,"column":15}},"133":{"start":{"line":432,"column":14},"end":{"line":434,"column":15}},"134":{"start":{"line":433,"column":16},"end":{"line":433,"column":56}},"135":{"start":{"line":438,"column":10},"end":{"line":438,"column":44}},"136":{"start":{"line":439,"column":10},"end":{"line":439,"column":115}},"137":{"start":{"line":440,"column":10},"end":{"line":440,"column":20}}},"fnMap":{"0":{"name":"generateTitle","decl":{"start":{"line":5,"column":9},"end":{"line":5,"column":22}},"loc":{"start":{"line":5,"column":37},"end":{"line":16,"column":1}},"line":5},"1":{"name":"(anonymous_1)","decl":{"start":{"line":19,"column":27},"end":{"line":19,"column":28}},"loc":{"start":{"line":19,"column":41},"end":{"line":72,"column":1}},"line":19},"2":{"name":"(anonymous_2)","decl":{"start":{"line":32,"column":56},"end":{"line":32,"column":57}},"loc":{"start":{"line":32,"column":73},"end":{"line":71,"column":3}},"line":32},"3":{"name":"(anonymous_3)","decl":{"start":{"line":49,"column":24},"end":{"line":49,"column":25}},"loc":{"start":{"line":49,"column":39},"end":{"line":70,"column":5}},"line":49},"4":{"name":"(anonymous_4)","decl":{"start":{"line":75,"column":29},"end":{"line":75,"column":30}},"loc":{"start":{"line":75,"column":43},"end":{"line":105,"column":1}},"line":75},"5":{"name":"(anonymous_5)","decl":{"start":{"line":84,"column":26},"end":{"line":84,"column":27}},"loc":{"start":{"line":84,"column":40},"end":{"line":104,"column":3}},"line":84},"6":{"name":"(anonymous_6)","decl":{"start":{"line":108,"column":29},"end":{"line":108,"column":30}},"loc":{"start":{"line":108,"column":43},"end":{"line":141,"column":1}},"line":108},"7":{"name":"(anonymous_7)","decl":{"start":{"line":111,"column":57},"end":{"line":111,"column":58}},"loc":{"start":{"line":111,"column":71},"end":{"line":140,"column":3}},"line":111},"8":{"name":"(anonymous_8)","decl":{"start":{"line":129,"column":67},"end":{"line":129,"column":68}},"loc":{"start":{"line":129,"column":76},"end":{"line":133,"column":5}},"line":129},"9":{"name":"(anonymous_9)","decl":{"start":{"line":144,"column":22},"end":{"line":144,"column":23}},"loc":{"start":{"line":144,"column":36},"end":{"line":187,"column":1}},"line":144},"10":{"name":"(anonymous_10)","decl":{"start":{"line":148,"column":73},"end":{"line":148,"column":74}},"loc":{"start":{"line":148,"column":87},"end":{"line":186,"column":3}},"line":148},"11":{"name":"(anonymous_11)","decl":{"start":{"line":171,"column":26},"end":{"line":171,"column":27}},"loc":{"start":{"line":171,"column":41},"end":{"line":185,"column":5}},"line":171},"12":{"name":"(anonymous_12)","decl":{"start":{"line":190,"column":22},"end":{"line":190,"column":23}},"loc":{"start":{"line":190,"column":42},"end":{"line":324,"column":1}},"line":190},"13":{"name":"(anonymous_13)","decl":{"start":{"line":204,"column":80},"end":{"line":204,"column":81}},"loc":{"start":{"line":204,"column":109},"end":{"line":323,"column":3}},"line":204},"14":{"name":"(anonymous_14)","decl":{"start":{"line":224,"column":93},"end":{"line":224,"column":94}},"loc":{"start":{"line":224,"column":102},"end":{"line":228,"column":7}},"line":224},"15":{"name":"(anonymous_15)","decl":{"start":{"line":235,"column":43},"end":{"line":235,"column":44}},"loc":{"start":{"line":235,"column":57},"end":{"line":322,"column":5}},"line":235},"16":{"name":"(anonymous_16)","decl":{"start":{"line":258,"column":28},"end":{"line":258,"column":29}},"loc":{"start":{"line":258,"column":49},"end":{"line":321,"column":7}},"line":258},"17":{"name":"(anonymous_17)","decl":{"start":{"line":270,"column":22},"end":{"line":270,"column":23}},"loc":{"start":{"line":270,"column":30},"end":{"line":270,"column":70}},"line":270},"18":{"name":"(anonymous_18)","decl":{"start":{"line":281,"column":63},"end":{"line":281,"column":64}},"loc":{"start":{"line":281,"column":77},"end":{"line":313,"column":11}},"line":281},"19":{"name":"(anonymous_19)","decl":{"start":{"line":299,"column":110},"end":{"line":299,"column":111}},"loc":{"start":{"line":299,"column":119},"end":{"line":303,"column":13}},"line":299},"20":{"name":"(anonymous_20)","decl":{"start":{"line":327,"column":24},"end":{"line":327,"column":25}},"loc":{"start":{"line":327,"column":38},"end":{"line":445,"column":1}},"line":327},"21":{"name":"(anonymous_21)","decl":{"start":{"line":347,"column":80},"end":{"line":347,"column":81}},"loc":{"start":{"line":347,"column":109},"end":{"line":444,"column":3}},"line":347},"22":{"name":"(anonymous_22)","decl":{"start":{"line":361,"column":93},"end":{"line":361,"column":94}},"loc":{"start":{"line":361,"column":102},"end":{"line":365,"column":7}},"line":361},"23":{"name":"(anonymous_23)","decl":{"start":{"line":372,"column":43},"end":{"line":372,"column":44}},"loc":{"start":{"line":372,"column":57},"end":{"line":443,"column":5}},"line":372},"24":{"name":"(anonymous_24)","decl":{"start":{"line":386,"column":28},"end":{"line":386,"column":29}},"loc":{"start":{"line":386,"column":49},"end":{"line":442,"column":7}},"line":386},"25":{"name":"(anonymous_25)","decl":{"start":{"line":395,"column":22},"end":{"line":395,"column":23}},"loc":{"start":{"line":395,"column":30},"end":{"line":395,"column":70}},"line":395},"26":{"name":"(anonymous_26)","decl":{"start":{"line":420,"column":63},"end":{"line":420,"column":64}},"loc":{"start":{"line":420,"column":77},"end":{"line":436,"column":11}},"line":420},"27":{"name":"(anonymous_27)","decl":{"start":{"line":431,"column":110},"end":{"line":431,"column":111}},"loc":{"start":{"line":431,"column":119},"end":{"line":435,"column":13}},"line":431}},"branchMap":{"0":{"loc":{"start":{"line":7,"column":2},"end":{"line":9,"column":3}},"type":"if","locations":[{"start":{"line":7,"column":2},"end":{"line":9,"column":3}},{"start":{},"end":{}}],"line":7},"1":{"loc":{"start":{"line":7,"column":6},"end":{"line":7,"column":57}},"type":"binary-expr","locations":[{"start":{"line":7,"column":6},"end":{"line":7,"column":27}},{"start":{"line":7,"column":31},"end":{"line":7,"column":57}}],"line":7},"2":{"loc":{"start":{"line":12,"column":2},"end":{"line":14,"column":3}},"type":"if","locations":[{"start":{"line":12,"column":2},"end":{"line":14,"column":3}},{"start":{},"end":{}}],"line":12},"3":{"loc":{"start":{"line":21,"column":13},"end":{"line":21,"column":42}},"type":"binary-expr","locations":[{"start":{"line":21,"column":13},"end":{"line":21,"column":37}},{"start":{"line":21,"column":41},"end":{"line":21,"column":42}}],"line":21},"4":{"loc":{"start":{"line":22,"column":14},"end":{"line":22,"column":45}},"type":"binary-expr","locations":[{"start":{"line":22,"column":14},"end":{"line":22,"column":39}},{"start":{"line":22,"column":43},"end":{"line":22,"column":45}}],"line":22},"5":{"loc":{"start":{"line":33,"column":4},"end":{"line":39,"column":5}},"type":"if","locations":[{"start":{"line":33,"column":4},"end":{"line":39,"column":5}},{"start":{},"end":{}}],"line":33},"6":{"loc":{"start":{"line":50,"column":6},"end":{"line":56,"column":7}},"type":"if","locations":[{"start":{"line":50,"column":6},"end":{"line":56,"column":7}},{"start":{},"end":{}}],"line":50},"7":{"loc":{"start":{"line":79,"column":28},"end":{"line":79,"column":42}},"type":"binary-expr","locations":[{"start":{"line":79,"column":28},"end":{"line":79,"column":33}},{"start":{"line":79,"column":37},"end":{"line":79,"column":42}}],"line":79},"8":{"loc":{"start":{"line":85,"column":4},"end":{"line":91,"column":5}},"type":"if","locations":[{"start":{"line":85,"column":4},"end":{"line":91,"column":5}},{"start":{},"end":{}}],"line":85},"9":{"loc":{"start":{"line":112,"column":4},"end":{"line":118,"column":5}},"type":"if","locations":[{"start":{"line":112,"column":4},"end":{"line":118,"column":5}},{"start":{},"end":{}}],"line":112},"10":{"loc":{"start":{"line":120,"column":4},"end":{"line":126,"column":5}},"type":"if","locations":[{"start":{"line":120,"column":4},"end":{"line":126,"column":5}},{"start":{},"end":{}}],"line":120},"11":{"loc":{"start":{"line":130,"column":6},"end":{"line":132,"column":7}},"type":"if","locations":[{"start":{"line":130,"column":6},"end":{"line":132,"column":7}},{"start":{},"end":{}}],"line":130},"12":{"loc":{"start":{"line":149,"column":4},"end":{"line":155,"column":5}},"type":"if","locations":[{"start":{"line":149,"column":4},"end":{"line":155,"column":5}},{"start":{},"end":{}}],"line":149},"13":{"loc":{"start":{"line":157,"column":4},"end":{"line":163,"column":5}},"type":"if","locations":[{"start":{"line":157,"column":4},"end":{"line":163,"column":5}},{"start":{},"end":{}}],"line":157},"14":{"loc":{"start":{"line":172,"column":6},"end":{"line":178,"column":7}},"type":"if","locations":[{"start":{"line":172,"column":6},"end":{"line":178,"column":7}},{"start":{},"end":{}}],"line":172},"15":{"loc":{"start":{"line":195,"column":2},"end":{"line":201,"column":3}},"type":"if","locations":[{"start":{"line":195,"column":2},"end":{"line":201,"column":3}},{"start":{},"end":{}}],"line":195},"16":{"loc":{"start":{"line":195,"column":6},"end":{"line":195,"column":70}},"type":"binary-expr","locations":[{"start":{"line":195,"column":6},"end":{"line":195,"column":14}},{"start":{"line":195,"column":18},"end":{"line":195,"column":45}},{"start":{"line":195,"column":49},"end":{"line":195,"column":70}}],"line":195},"17":{"loc":{"start":{"line":205,"column":4},"end":{"line":211,"column":5}},"type":"if","locations":[{"start":{"line":205,"column":4},"end":{"line":211,"column":5}},{"start":{},"end":{}}],"line":205},"18":{"loc":{"start":{"line":213,"column":4},"end":{"line":219,"column":5}},"type":"if","locations":[{"start":{"line":213,"column":4},"end":{"line":219,"column":5}},{"start":{},"end":{}}],"line":213},"19":{"loc":{"start":{"line":222,"column":4},"end":{"line":229,"column":5}},"type":"if","locations":[{"start":{"line":222,"column":4},"end":{"line":229,"column":5}},{"start":{},"end":{}}],"line":222},"20":{"loc":{"start":{"line":225,"column":8},"end":{"line":227,"column":9}},"type":"if","locations":[{"start":{"line":225,"column":8},"end":{"line":227,"column":9}},{"start":{},"end":{}}],"line":225},"21":{"loc":{"start":{"line":236,"column":6},"end":{"line":242,"column":7}},"type":"if","locations":[{"start":{"line":236,"column":6},"end":{"line":242,"column":7}},{"start":{},"end":{}}],"line":236},"22":{"loc":{"start":{"line":259,"column":8},"end":{"line":265,"column":9}},"type":"if","locations":[{"start":{"line":259,"column":8},"end":{"line":265,"column":9}},{"start":{},"end":{}}],"line":259},"23":{"loc":{"start":{"line":282,"column":12},"end":{"line":288,"column":13}},"type":"if","locations":[{"start":{"line":282,"column":12},"end":{"line":288,"column":13}},{"start":{},"end":{}}],"line":282},"24":{"loc":{"start":{"line":300,"column":14},"end":{"line":302,"column":15}},"type":"if","locations":[{"start":{"line":300,"column":14},"end":{"line":302,"column":15}},{"start":{},"end":{}}],"line":300},"25":{"loc":{"start":{"line":317,"column":21},"end":{"line":317,"column":48}},"type":"binary-expr","locations":[{"start":{"line":317,"column":21},"end":{"line":317,"column":34}},{"start":{"line":317,"column":38},"end":{"line":317,"column":48}}],"line":317},"26":{"loc":{"start":{"line":332,"column":2},"end":{"line":338,"column":3}},"type":"if","locations":[{"start":{"line":332,"column":2},"end":{"line":338,"column":3}},{"start":{},"end":{}}],"line":332},"27":{"loc":{"start":{"line":332,"column":6},"end":{"line":332,"column":70}},"type":"binary-expr","locations":[{"start":{"line":332,"column":6},"end":{"line":332,"column":14}},{"start":{"line":332,"column":18},"end":{"line":332,"column":45}},{"start":{"line":332,"column":49},"end":{"line":332,"column":70}}],"line":332},"28":{"loc":{"start":{"line":348,"column":4},"end":{"line":351,"column":5}},"type":"if","locations":[{"start":{"line":348,"column":4},"end":{"line":351,"column":5}},{"start":{},"end":{}}],"line":348},"29":{"loc":{"start":{"line":353,"column":4},"end":{"line":356,"column":5}},"type":"if","locations":[{"start":{"line":353,"column":4},"end":{"line":356,"column":5}},{"start":{},"end":{}}],"line":353},"30":{"loc":{"start":{"line":359,"column":4},"end":{"line":366,"column":5}},"type":"if","locations":[{"start":{"line":359,"column":4},"end":{"line":366,"column":5}},{"start":{},"end":{}}],"line":359},"31":{"loc":{"start":{"line":362,"column":8},"end":{"line":364,"column":9}},"type":"if","locations":[{"start":{"line":362,"column":8},"end":{"line":364,"column":9}},{"start":{},"end":{}}],"line":362},"32":{"loc":{"start":{"line":373,"column":6},"end":{"line":376,"column":7}},"type":"if","locations":[{"start":{"line":373,"column":6},"end":{"line":376,"column":7}},{"start":{},"end":{}}],"line":373},"33":{"loc":{"start":{"line":387,"column":8},"end":{"line":390,"column":9}},"type":"if","locations":[{"start":{"line":387,"column":8},"end":{"line":390,"column":9}},{"start":{},"end":{}}],"line":387},"34":{"loc":{"start":{"line":409,"column":28},"end":{"line":409,"column":66}},"type":"binary-expr","locations":[{"start":{"line":409,"column":28},"end":{"line":409,"column":60}},{"start":{"line":409,"column":64},"end":{"line":409,"column":66}}],"line":409},"35":{"loc":{"start":{"line":410,"column":12},"end":{"line":413,"column":13}},"type":"if","locations":[{"start":{"line":410,"column":12},"end":{"line":413,"column":13}},{"start":{},"end":{}}],"line":410},"36":{"loc":{"start":{"line":421,"column":12},"end":{"line":423,"column":13}},"type":"if","locations":[{"start":{"line":421,"column":12},"end":{"line":423,"column":13}},{"start":{},"end":{}}],"line":421},"37":{"loc":{"start":{"line":432,"column":14},"end":{"line":434,"column":15}},"type":"if","locations":[{"start":{"line":432,"column":14},"end":{"line":434,"column":15}},{"start":{},"end":{}}],"line":432},"38":{"loc":{"start":{"line":439,"column":66},"end":{"line":439,"column":93}},"type":"binary-expr","locations":[{"start":{"line":439,"column":66},"end":{"line":439,"column":79}},{"start":{"line":439,"column":83},"end":{"line":439,"column":93}}],"line":439}},"s":{"0":2,"1":2,"2":0,"3":0,"4":0,"5":0,"6":0,"7":2,"8":3,"9":3,"10":3,"11":3,"12":3,"13":3,"14":3,"15":0,"16":3,"17":3,"18":3,"19":0,"20":3,"21":2,"22":6,"23":6,"24":6,"25":6,"26":0,"27":6,"28":2,"29":5,"30":5,"31":5,"32":0,"33":5,"34":4,"35":1,"36":1,"37":0,"38":1,"39":2,"40":4,"41":4,"42":4,"43":0,"44":4,"45":4,"46":0,"47":0,"48":0,"49":0,"50":2,"51":7,"52":7,"53":7,"54":3,"55":4,"56":4,"57":0,"58":4,"59":4,"60":0,"61":0,"62":0,"63":0,"64":0,"65":0,"66":0,"67":0,"68":0,"69":0,"70":0,"71":0,"72":0,"73":0,"74":0,"75":0,"76":0,"77":0,"78":0,"79":0,"80":0,"81":0,"82":0,"83":0,"84":0,"85":2,"86":7,"87":7,"88":7,"89":3,"90":4,"91":4,"92":4,"93":4,"94":4,"95":4,"96":0,"97":0,"98":4,"99":4,"100":4,"101":0,"102":0,"103":0,"104":0,"105":0,"106":0,"107":0,"108":0,"109":0,"110":0,"111":0,"112":0,"113":0,"114":0,"115":0,"116":0,"117":0,"118":0,"119":0,"120":0,"121":0,"122":0,"123":0,"124":0,"125":0,"126":0,"127":0,"128":0,"129":0,"130":0,"131":0,"132":0,"133":0,"134":0,"135":0,"136":0,"137":0},"f":{"0":0,"1":3,"2":3,"3":3,"4":6,"5":6,"6":5,"7":5,"8":1,"9":4,"10":4,"11":0,"12":7,"13":4,"14":0,"15":0,"16":0,"17":0,"18":0,"19":0,"20":7,"21":4,"22":0,"23":0,"24":0,"25":0,"26":0,"27":0},"b":{"0":[0,0],"1":[0,0],"2":[0,0],"3":[3,1],"4":[3,2],"5":[0,3],"6":[0,3],"7":[6,1],"8":[0,6],"9":[0,5],"10":[4,1],"11":[0,1],"12":[0,4],"13":[4,0],"14":[0,0],"15":[3,4],"16":[7,5,5],"17":[0,4],"18":[4,0],"19":[0,0],"20":[0,0],"21":[0,0],"22":[0,0],"23":[0,0],"24":[0,0],"25":[0,0],"26":[3,4],"27":[7,5,5],"28":[0,4],"29":[4,0],"30":[0,0],"31":[0,0],"32":[0,0],"33":[0,0],"34":[0,0],"35":[0,0],"36":[0,0],"37":[0,0],"38":[0,0]},"_coverageSchema":"1a1c01bbd47fc00a2c39e90264f33305004495a9","hash":"7a271f011a618036c30de411acb4dc777dea4e31"}
,"/home/liuyu/work/lingma_project/first_demo/chatbot_project/src/backend/routes/conversations.js": {"path":"/home/liuyu/work/lingma_project/first_demo/chatbot_project/src/backend/routes/conversations.js","statementMap":{"0":{"start":{"line":1,"column":16},"end":{"line":1,"column":34}},"1":{"start":{"line":2,"column":15},"end":{"line":2,"column":31}},"2":{"start":{"line":3,"column":31},"end":{"line":3,"column":79}},"3":{"start":{"line":7,"column":0},"end":{"line":7,"column":70}},"4":{"start":{"line":10,"column":0},"end":{"line":10,"column":73}},"5":{"start":{"line":13,"column":0},"end":{"line":13,"column":79}},"6":{"start":{"line":17,"column":0},"end":{"line":17,"column":91}},"7":{"start":{"line":20,"column":0},"end":{"line":20,"column":92}},"8":{"start":{"line":23,"column":0},"end":{"line":23,"column":101}},"9":{"start":{"line":25,"column":0},"end":{"line":25,"column":24}}},"fnMap":{},"branchMap":{},"s":{"0":1,"1":1,"2":1,"3":1,"4":1,"5":1,"6":1,"7":1,"8":1,"9":1},"f":{},"b":{},"_coverageSchema":"1a1c01bbd47fc00a2c39e90264f33305004495a9","hash":"d092b6544b85411d6cc2bc44de20faf8f099c5bd"}
,"/home/liuyu/work/lingma_project/first_demo/chatbot_project/src/backend/services/aiService.js": {"path":"/home/liuyu/work/lingma_project/first_demo/chatbot_project/src/backend/services/aiService.js","statementMap":{"0":{"start":{"line":1,"column":15},"end":{"line":1,"column":32}},"1":{"start":{"line":4,"column":15},"end":{"line":7,"column":2}},"2":{"start":{"line":16,"column":2},"end":{"line":26,"column":3}},"3":{"start":{"line":17,"column":23},"end":{"line":20,"column":6}},"4":{"start":{"line":22,"column":4},"end":{"line":22,"column":49}},"5":{"start":{"line":24,"column":4},"end":{"line":24,"column":38}},"6":{"start":{"line":25,"column":4},"end":{"line":25,"column":50}},"7":{"start":{"line":36,"column":2},"end":{"line":47,"column":3}},"8":{"start":{"line":37,"column":19},"end":{"line":41,"column":6}},"9":{"start":{"line":43,"column":4},"end":{"line":43,"column":18}},"10":{"start":{"line":45,"column":4},"end":{"line":45,"column":38}},"11":{"start":{"line":46,"column":4},"end":{"line":46,"column":50}},"12":{"start":{"line":50,"column":0},"end":{"line":53,"column":2}}},"fnMap":{"0":{"name":"callAIModel","decl":{"start":{"line":15,"column":15},"end":{"line":15,"column":26}},"loc":{"start":{"line":15,"column":58},"end":{"line":27,"column":1}},"line":15},"1":{"name":"streamAIModel","decl":{"start":{"line":35,"column":15},"end":{"line":35,"column":28}},"loc":{"start":{"line":35,"column":60},"end":{"line":48,"column":1}},"line":35}},"branchMap":{"0":{"loc":{"start":{"line":15,"column":37},"end":{"line":15,"column":56}},"type":"default-arg","locations":[{"start":{"line":15,"column":45},"end":{"line":15,"column":56}}],"line":15},"1":{"loc":{"start":{"line":35,"column":39},"end":{"line":35,"column":58}},"type":"default-arg","locations":[{"start":{"line":35,"column":47},"end":{"line":35,"column":58}}],"line":35}},"s":{"0":2,"1":2,"2":3,"3":3,"4":2,"5":1,"6":1,"7":2,"8":2,"9":1,"10":1,"11":1,"12":2},"f":{"0":3,"1":2},"b":{"0":[2],"1":[2]},"_coverageSchema":"1a1c01bbd47fc00a2c39e90264f33305004495a9","hash":"7c46ea4d598fec5f5ff6333d5e8a779eb9616ec6"}
}
