TN:
SF:controllers/conversationController.js
FN:5,generateTitle
FN:19,(anonymous_1)
FN:32,(anonymous_2)
FN:49,(anonymous_3)
FN:75,(anonymous_4)
FN:84,(anonymous_5)
FN:108,(anonymous_6)
FN:111,(anonymous_7)
FN:129,(anonymous_8)
FN:144,(anonymous_9)
FN:148,(anonymous_10)
FN:171,(anonymous_11)
FN:190,(anonymous_12)
FN:204,(anonymous_13)
FN:224,(anonymous_14)
FN:235,(anonymous_15)
FN:258,(anonymous_16)
FN:270,(anonymous_17)
FN:281,(anonymous_18)
FN:299,(anonymous_19)
FN:327,(anonymous_20)
FN:347,(anonymous_21)
FN:361,(anonymous_22)
FN:372,(anonymous_23)
FN:386,(anonymous_24)
FN:395,(anonymous_25)
FN:420,(anonymous_26)
FN:431,(anonymous_27)
FNF:28
FNH:14
FNDA:0,generateTitle
FNDA:3,(anonymous_1)
FNDA:3,(anonymous_2)
FNDA:3,(anonymous_3)
FNDA:6,(anonymous_4)
FNDA:6,(anonymous_5)
FNDA:5,(anonymous_6)
FNDA:5,(anonymous_7)
FNDA:1,(anonymous_8)
FNDA:4,(anonymous_9)
FNDA:4,(anonymous_10)
FNDA:0,(anonymous_11)
FNDA:7,(anonymous_12)
FNDA:4,(anonymous_13)
FNDA:0,(anonymous_14)
FNDA:0,(anonymous_15)
FNDA:0,(anonymous_16)
FNDA:0,(anonymous_17)
FNDA:0,(anonymous_18)
FNDA:0,(anonymous_19)
FNDA:7,(anonymous_20)
FNDA:4,(anonymous_21)
FNDA:0,(anonymous_22)
FNDA:0,(anonymous_23)
FNDA:0,(anonymous_24)
FNDA:0,(anonymous_25)
FNDA:0,(anonymous_26)
FNDA:0,(anonymous_27)
DA:1,2
DA:2,2
DA:7,0
DA:8,0
DA:12,0
DA:13,0
DA:15,0
DA:19,2
DA:21,3
DA:22,3
DA:25,3
DA:27,3
DA:29,3
DA:32,3
DA:33,3
DA:34,0
DA:41,3
DA:44,3
DA:50,3
DA:51,0
DA:58,3
DA:75,2
DA:76,6
DA:79,6
DA:81,6
DA:85,6
DA:86,0
DA:94,6
DA:108,2
DA:109,5
DA:111,5
DA:112,5
DA:113,0
DA:120,5
DA:121,4
DA:129,1
DA:130,1
DA:131,0
DA:135,1
DA:144,2
DA:145,4
DA:148,4
DA:149,4
DA:150,0
DA:157,4
DA:158,4
DA:166,0
DA:172,0
DA:173,0
DA:180,0
DA:190,2
DA:191,7
DA:192,7
DA:195,7
DA:196,3
DA:204,4
DA:205,4
DA:206,0
DA:213,4
DA:214,4
DA:222,0
DA:223,0
DA:224,0
DA:225,0
DA:226,0
DA:232,0
DA:236,0
DA:237,0
DA:244,0
DA:253,0
DA:259,0
DA:260,0
DA:268,0
DA:270,0
DA:273,0
DA:275,0
DA:278,0
DA:282,0
DA:283,0
DA:290,0
DA:299,0
DA:300,0
DA:301,0
DA:305,0
DA:315,0
DA:327,2
DA:328,7
DA:329,7
DA:332,7
DA:333,3
DA:341,4
DA:342,4
DA:343,4
DA:344,4
DA:347,4
DA:348,4
DA:349,0
DA:350,0
DA:353,4
DA:354,4
DA:355,4
DA:359,0
DA:360,0
DA:361,0
DA:362,0
DA:363,0
DA:369,0
DA:373,0
DA:374,0
DA:375,0
DA:378,0
DA:381,0
DA:387,0
DA:388,0
DA:389,0
DA:393,0
DA:395,0
DA:398,0
DA:400,0
DA:403,0
DA:405,0
DA:408,0
DA:409,0
DA:410,0
DA:411,0
DA:412,0
DA:417,0
DA:421,0
DA:422,0
DA:426,0
DA:427,0
DA:428,0
DA:431,0
DA:432,0
DA:433,0
DA:438,0
DA:439,0
DA:440,0
LF:138
LH:58
BRDA:7,0,0,0
BRDA:7,0,1,0
BRDA:7,1,0,0
BRDA:7,1,1,0
BRDA:12,2,0,0
BRDA:12,2,1,0
BRDA:21,3,0,3
BRDA:21,3,1,1
BRDA:22,4,0,3
BRDA:22,4,1,2
BRDA:33,5,0,0
BRDA:33,5,1,3
BRDA:50,6,0,0
BRDA:50,6,1,3
BRDA:79,7,0,6
BRDA:79,7,1,1
BRDA:85,8,0,0
BRDA:85,8,1,6
BRDA:112,9,0,0
BRDA:112,9,1,5
BRDA:120,10,0,4
BRDA:120,10,1,1
BRDA:130,11,0,0
BRDA:130,11,1,1
BRDA:149,12,0,0
BRDA:149,12,1,4
BRDA:157,13,0,4
BRDA:157,13,1,0
BRDA:172,14,0,0
BRDA:172,14,1,0
BRDA:195,15,0,3
BRDA:195,15,1,4
BRDA:195,16,0,7
BRDA:195,16,1,5
BRDA:195,16,2,5
BRDA:205,17,0,0
BRDA:205,17,1,4
BRDA:213,18,0,4
BRDA:213,18,1,0
BRDA:222,19,0,0
BRDA:222,19,1,0
BRDA:225,20,0,0
BRDA:225,20,1,0
BRDA:236,21,0,0
BRDA:236,21,1,0
BRDA:259,22,0,0
BRDA:259,22,1,0
BRDA:282,23,0,0
BRDA:282,23,1,0
BRDA:300,24,0,0
BRDA:300,24,1,0
BRDA:317,25,0,0
BRDA:317,25,1,0
BRDA:332,26,0,3
BRDA:332,26,1,4
BRDA:332,27,0,7
BRDA:332,27,1,5
BRDA:332,27,2,5
BRDA:348,28,0,0
BRDA:348,28,1,4
BRDA:353,29,0,4
BRDA:353,29,1,0
BRDA:359,30,0,0
BRDA:359,30,1,0
BRDA:362,31,0,0
BRDA:362,31,1,0
BRDA:373,32,0,0
BRDA:373,32,1,0
BRDA:387,33,0,0
BRDA:387,33,1,0
BRDA:409,34,0,0
BRDA:409,34,1,0
BRDA:410,35,0,0
BRDA:410,35,1,0
BRDA:421,36,0,0
BRDA:421,36,1,0
BRDA:432,37,0,0
BRDA:432,37,1,0
BRDA:439,38,0,0
BRDA:439,38,1,0
BRF:80
BRH:29
end_of_record
TN:
SF:routes/conversations.js
FNF:0
FNH:0
DA:1,1
DA:2,1
DA:3,1
DA:7,1
DA:10,1
DA:13,1
DA:17,1
DA:20,1
DA:23,1
DA:25,1
LF:10
LH:10
BRF:0
BRH:0
end_of_record
TN:
SF:services/aiService.js
FN:15,callAIModel
FN:35,streamAIModel
FNF:2
FNH:2
FNDA:3,callAIModel
FNDA:2,streamAIModel
DA:1,2
DA:4,2
DA:16,3
DA:17,3
DA:22,2
DA:24,1
DA:25,1
DA:36,2
DA:37,2
DA:43,1
DA:45,1
DA:46,1
DA:50,2
LF:13
LH:13
BRDA:15,0,0,2
BRDA:35,1,0,2
BRF:2
BRH:2
end_of_record
